<?xml version="1.0" encoding="UTF-8" standalone="yes"?><!DOCTYPE report PUBLIC "-//JACOCO//DTD Report 1.1//EN" "report.dtd"><report name="trab1"><sessioninfo id="gfgiaretta-aula-qovcy6bq6jp-b7bcda64" start="1695158280973" dump="1695158282091"/><sessioninfo id="gfgiaretta-aula-qovcy6bq6jp-1350424a" start="1695680208071" dump="1695680209452"/><sessioninfo id="gfgiaretta-aula-qovcy6bq6jp-6cb03b65" start="1695680877639" dump="1695680879832"/><sessioninfo id="gfgiaretta-aula-qovcy6bq6jp-d6c7d841" start="1695681002919" dump="1695681004027"/><sessioninfo id="gfgiaretta-aula-qovcy6bq6jp-e0109701" start="1695681478187" dump="1695681479352"/><sessioninfo id="gfgiaretta-aula-qovcy6bq6jp-c32f0a03" start="1695682104303" dump="1695682106718"/><sessioninfo id="gfgiaretta-aula-qovcy6bq6jp-83f9cd3e" start="1695682127642" dump="1695682128100"/><sessioninfo id="gfgiaretta-aula-qovcy6bq6jp-f1ed3a88" start="1695682189316" dump="1695682190795"/><sessioninfo id="gfgiaretta-aula-qovcy6bq6jp-387c011f" start="1695682198017" dump="1695682199394"/><sessioninfo id="gfgiaretta-aula-qovcy6bq6jp-40910922" start="1695682471257" dump="1695682472588"/><sessioninfo id="gfgiaretta-aula-qovcy6bq6jp-f91151d1" start="1695684169523" dump="1695684170811"/><sessioninfo id="gfgiaretta-aula-qovcy6bq6jp-dffb426e" start="1695685097203" dump="1695685099641"/><sessioninfo id="gfgiaretta-aula-qovcy6bq6jp-f540c55d" start="1695685160125" dump="1695685161398"/><sessioninfo id="gfgiaretta-aula-qovcy6bq6jp-9502f26a" start="1695690521686" dump="1695690522660"/><sessioninfo id="gfgiaretta-aula-qovcy6bq6jp-ffa2ccfc" start="1695690565774" dump="1695690568536"/><sessioninfo id="gfgiaretta-aula-qovcy6bq6jp-2b314ac4" start="1695690827985" dump="1695690829256"/><sessioninfo id="gfgiaretta-aula-qovcy6bq6jp-fe725a03" start="1695690989167" dump="1695690990472"/><sessioninfo id="gfgiaretta-aula-qovcy6bq6jp-1c2f83bb" start="1695704871663" dump="1695704872799"/><sessioninfo id="gfgiaretta-aula-qovcy6bq6jp-c89833c6" start="1695705903190" dump="1695705905300"/><sessioninfo id="gfgiaretta-aula-qovcy6bq6jp-5d76eabd" start="1695705958685" dump="1695705959981"/><sessioninfo id="gfgiaretta-aula-qovcy6bq6jp-79089886" start="1695706549259" dump="1695706550502"/><sessioninfo id="gfgiaretta-aula-qovcy6bq6jp-aec86517" start="1695706579806" dump="1695706581101"/><sessioninfo id="gfgiaretta-aula-qovcy6bq6jp-5722e097" start="1695719273550" dump="1695719277375"/><sessioninfo id="gfgiaretta-aula-qovcy6bq6jp-7ba25121" start="1695772292649" dump="1695772294553"/><sessioninfo id="gfgiaretta-aula-qovcy6bq6jp-caeeef16" start="1695773309277" dump="1695773310555"/><sessioninfo id="gfgiaretta-aula-qovcy6bq6jp-b18be343" start="1695773629424" dump="1695773630828"/><sessioninfo id="gfgiaretta-aula-qovcy6bq6jp-80f1010" start="1695774339632" dump="1695774341435"/><sessioninfo id="gfgiaretta-aula-qovcy6bq6jp-1ba78682" start="1695775100262" dump="1695775101541"/><sessioninfo id="gfgiaretta-aula-qovcy6bq6jp-1897d214" start="1695776665062" dump="1695776667918"/><sessioninfo id="gfgiaretta-aula-qovcy6bq6jp-7544a108" start="1695776720469" dump="1695776721721"/><sessioninfo id="gfgiaretta-aula-qovcy6bq6jp-72496d50" start="1695776929666" dump="1695776930832"/><package name="com/bcopstein"><class name="com/bcopstein/CentroDistribuicao$TIPOPOSTO" sourcefilename="CentroDistribuicao.java"><method name="&lt;clinit&gt;" desc="()V" line="4"><counter type="INSTRUCTION" missed="0" covered="24"/><counter type="LINE" missed="0" covered="1"/><counter type="COMPLEXITY" missed="0" covered="1"/><counter type="METHOD" missed="0" covered="1"/></method><counter type="INSTRUCTION" missed="0" covered="24"/><counter type="LINE" missed="0" covered="1"/><counter type="COMPLEXITY" missed="0" covered="1"/><counter type="METHOD" missed="0" covered="1"/><counter type="CLASS" missed="0" covered="1"/></class><class name="com/bcopstein/CentroDistribuicao$SITUACAO" sourcefilename="CentroDistribuicao.java"><method name="&lt;clinit&gt;" desc="()V" line="3"><counter type="INSTRUCTION" missed="0" covered="34"/><counter type="LINE" missed="0" covered="1"/><counter type="COMPLEXITY" missed="0" covered="1"/><counter type="METHOD" missed="0" covered="1"/></method><counter type="INSTRUCTION" missed="0" covered="34"/><counter type="LINE" missed="0" covered="1"/><counter type="COMPLEXITY" missed="0" covered="1"/><counter type="METHOD" missed="0" covered="1"/><counter type="CLASS" missed="0" covered="1"/></class><class name="com/bcopstein/CentroDistribuicao" sourcefilename="CentroDistribuicao.java"><method name="&lt;init&gt;" desc="(III)V" line="15"><counter type="INSTRUCTION" missed="0" covered="37"/><counter type="BRANCH" missed="0" covered="12"/><counter type="LINE" missed="0" covered="8"/><counter type="COMPLEXITY" missed="0" covered="7"/><counter type="METHOD" missed="0" covered="1"/></method><method name="defineSituacao" desc="()V" line="28"><counter type="INSTRUCTION" missed="0" covered="48"/><counter type="BRANCH" missed="0" covered="12"/><counter type="LINE" missed="0" covered="12"/><counter type="COMPLEXITY" missed="0" covered="7"/><counter type="METHOD" missed="0" covered="1"/></method><method name="getSituacao" desc="()Lcom/bcopstein/CentroDistribuicao$SITUACAO;" line="43"><counter type="INSTRUCTION" missed="0" covered="3"/><counter type="LINE" missed="0" covered="1"/><counter type="COMPLEXITY" missed="0" covered="1"/><counter type="METHOD" missed="0" covered="1"/></method><method name="gettGasolina" desc="()I" line="47"><counter type="INSTRUCTION" missed="0" covered="3"/><counter type="LINE" missed="0" covered="1"/><counter type="COMPLEXITY" missed="0" covered="1"/><counter type="METHOD" missed="0" covered="1"/></method><method name="gettAditivo" desc="()I" line="51"><counter type="INSTRUCTION" missed="0" covered="3"/><counter type="LINE" missed="0" covered="1"/><counter type="COMPLEXITY" missed="0" covered="1"/><counter type="METHOD" missed="0" covered="1"/></method><method name="gettAlcool" desc="()I" line="54"><counter type="INSTRUCTION" missed="0" covered="3"/><counter type="LINE" missed="0" covered="1"/><counter type="COMPLEXITY" missed="0" covered="1"/><counter type="METHOD" missed="0" covered="1"/></method><method name="recebeAditivo" desc="(I)I" line="58"><counter type="INSTRUCTION" missed="0" covered="26"/><counter type="BRANCH" missed="0" covered="4"/><counter type="LINE" missed="0" covered="7"/><counter type="COMPLEXITY" missed="0" covered="3"/><counter type="METHOD" missed="0" covered="1"/></method><method name="recebeGasolina" desc="(I)I" line="73"><counter type="INSTRUCTION" missed="0" covered="26"/><counter type="BRANCH" missed="0" covered="4"/><counter type="LINE" missed="0" covered="7"/><counter type="COMPLEXITY" missed="0" covered="3"/><counter type="METHOD" missed="0" covered="1"/></method><method name="recebeAlcool" desc="(I)I" line="88"><counter type="INSTRUCTION" missed="0" covered="26"/><counter type="BRANCH" missed="0" covered="4"/><counter type="LINE" missed="0" covered="7"/><counter type="COMPLEXITY" missed="0" covered="3"/><counter type="METHOD" missed="0" covered="1"/></method><method name="encomendaCombustivel" desc="(ILcom/bcopstein/CentroDistribuicao$TIPOPOSTO;)[I" line="103"><counter type="INSTRUCTION" missed="0" covered="136"/><counter type="BRANCH" missed="0" covered="20"/><counter type="LINE" missed="0" covered="25"/><counter type="COMPLEXITY" missed="0" covered="11"/><counter type="METHOD" missed="0" covered="1"/></method><counter type="INSTRUCTION" missed="0" covered="311"/><counter type="BRANCH" missed="0" covered="56"/><counter type="LINE" missed="0" covered="70"/><counter type="COMPLEXITY" missed="0" covered="38"/><counter type="METHOD" missed="0" covered="10"/><counter type="CLASS" missed="0" covered="1"/></class><sourcefile name="CentroDistribuicao.java"><line nr="3" mi="0" ci="34" mb="0" cb="0"/><line nr="4" mi="0" ci="24" mb="0" cb="0"/><line nr="15" mi="0" ci="2" mb="0" cb="0"/><line nr="16" mi="0" ci="15" mb="0" cb="12"/><line nr="17" mi="0" ci="5" mb="0" cb="0"/><line nr="20" mi="0" ci="4" mb="0" cb="0"/><line nr="21" mi="0" ci="4" mb="0" cb="0"/><line nr="22" mi="0" ci="4" mb="0" cb="0"/><line nr="24" mi="0" ci="2" mb="0" cb="0"/><line nr="25" mi="0" ci="1" mb="0" cb="0"/><line nr="28" mi="0" ci="6" mb="0" cb="2"/><line nr="29" mi="0" ci="6" mb="0" cb="2"/><line nr="30" mi="0" ci="6" mb="0" cb="2"/><line nr="31" mi="0" ci="3" mb="0" cb="0"/><line nr="32" mi="0" ci="1" mb="0" cb="0"/><line nr="33" mi="0" ci="6" mb="0" cb="2"/><line nr="34" mi="0" ci="6" mb="0" cb="2"/><line nr="35" mi="0" ci="6" mb="0" cb="2"/><line nr="36" mi="0" ci="3" mb="0" cb="0"/><line nr="37" mi="0" ci="1" mb="0" cb="0"/><line nr="38" mi="0" ci="3" mb="0" cb="0"/><line nr="40" mi="0" ci="1" mb="0" cb="0"/><line nr="43" mi="0" ci="3" mb="0" cb="0"/><line nr="47" mi="0" ci="3" mb="0" cb="0"/><line nr="51" mi="0" ci="3" mb="0" cb="0"/><line nr="54" mi="0" ci="3" mb="0" cb="0"/><line nr="58" mi="0" ci="2" mb="0" cb="2"/><line nr="59" mi="0" ci="2" mb="0" cb="0"/><line nr="62" mi="0" ci="5" mb="0" cb="0"/><line nr="63" mi="0" ci="7" mb="0" cb="2"/><line nr="65" mi="0" ci="6" mb="0" cb="0"/><line nr="67" mi="0" ci="2" mb="0" cb="0"/><line nr="69" mi="0" ci="2" mb="0" cb="0"/><line nr="73" mi="0" ci="2" mb="0" cb="2"/><line nr="74" mi="0" ci="2" mb="0" cb="0"/><line nr="77" mi="0" ci="5" mb="0" cb="0"/><line nr="78" mi="0" ci="7" mb="0" cb="2"/><line nr="80" mi="0" ci="6" mb="0" cb="0"/><line nr="82" mi="0" ci="2" mb="0" cb="0"/><line nr="84" mi="0" ci="2" mb="0" cb="0"/><line nr="88" mi="0" ci="2" mb="0" cb="2"/><line nr="89" mi="0" ci="2" mb="0" cb="0"/><line nr="92" mi="0" ci="5" mb="0" cb="0"/><line nr="93" mi="0" ci="7" mb="0" cb="2"/><line nr="95" mi="0" ci="6" mb="0" cb="0"/><line nr="97" mi="0" ci="2" mb="0" cb="0"/><line nr="99" mi="0" ci="2" mb="0" cb="0"/><line nr="103" mi="0" ci="3" mb="0" cb="0"/><line nr="105" mi="0" ci="2" mb="0" cb="2"/><line nr="106" mi="0" ci="4" mb="0" cb="0"/><line nr="107" mi="0" ci="2" mb="0" cb="0"/><line nr="108" mi="0" ci="7" mb="0" cb="4"/><line nr="109" mi="0" ci="4" mb="0" cb="0"/><line nr="110" mi="0" ci="2" mb="0" cb="0"/><line nr="113" mi="0" ci="14" mb="0" cb="4"/><line nr="114" mi="0" ci="14" mb="0" cb="4"/><line nr="116" mi="0" ci="10" mb="0" cb="0"/><line nr="117" mi="0" ci="10" mb="0" cb="0"/><line nr="118" mi="0" ci="10" mb="0" cb="0"/><line nr="120" mi="0" ci="4" mb="0" cb="2"/><line nr="121" mi="0" ci="4" mb="0" cb="2"/><line nr="122" mi="0" ci="4" mb="0" cb="2"/><line nr="124" mi="0" ci="4" mb="0" cb="0"/><line nr="126" mi="0" ci="1" mb="0" cb="0"/><line nr="128" mi="0" ci="6" mb="0" cb="0"/><line nr="129" mi="0" ci="6" mb="0" cb="0"/><line nr="130" mi="0" ci="6" mb="0" cb="0"/><line nr="132" mi="0" ci="5" mb="0" cb="0"/><line nr="133" mi="0" ci="5" mb="0" cb="0"/><line nr="134" mi="0" ci="5" mb="0" cb="0"/><line nr="136" mi="0" ci="2" mb="0" cb="0"/><line nr="138" mi="0" ci="2" mb="0" cb="0"/><counter type="INSTRUCTION" missed="0" covered="369"/><counter type="BRANCH" missed="0" covered="56"/><counter type="LINE" missed="0" covered="72"/><counter type="COMPLEXITY" missed="0" covered="40"/><counter type="METHOD" missed="0" covered="12"/><counter type="CLASS" missed="0" covered="3"/></sourcefile><counter type="INSTRUCTION" missed="0" covered="369"/><counter type="BRANCH" missed="0" covered="56"/><counter type="LINE" missed="0" covered="72"/><counter type="COMPLEXITY" missed="0" covered="40"/><counter type="METHOD" missed="0" covered="12"/><counter type="CLASS" missed="0" covered="3"/></package><counter type="INSTRUCTION" missed="0" covered="369"/><counter type="BRANCH" missed="0" covered="56"/><counter type="LINE" missed="0" covered="72"/><counter type="COMPLEXITY" missed="0" covered="40"/><counter type="METHOD" missed="0" covered="12"/><counter type="CLASS" missed="0" covered="3"/></report>